Log ID: 869828106
 
----Info----
Game Version: v1.0.0.4080-final
Operating System: Windows 11  (10.0.22621) 64bit
CPU: 11th Gen Intel(R) Core(TM) i7-11370H @ 3.30GHz, Count: 8, Frequency: 3302 MHz
GPU: NVIDIA GeForce RTX 3050 Ti Laptop GPU, Driver Version: Direct3D 11.0 [level 11.1], VRAM: 3993 MBs
RAM: 16218 MBs
Renderer: Direct3D11
------------
 
[Log] Logged into USG
[Log] PlayerID: OCbjesmOUdRa40CDlhjnFbzRFJ6g
[Log] Remote config ready!
[Log] Bass: 2.4.16.7 BassFx: 2.4.12.6 BassMix: 2.4.11.1
[Log] WASAPI
[Log] Starting video thumbs
[Log] [2023-04-19T12:51:17.042+02:00] [Assets\Scripts\StrikeCore\Settings.cs:329:Load] [Info] Writing default config C:\Users\heiner\Documents\Clone Hero\Custom\Colors\DefaultColors.ini
[Log] Biology
[Log] Coalescence & Segmentation
[Log] Combat Mosh
[Log] Crumbling Castle
[Log] Embrace
[Log] Enact the Ending (2023 Redux)
[Log] Flamewall
[Log] Gone (feat. Rasmus Bom Andersen)
[Log] Good Grief Retreat
[Log] i ws nvr yr grlfrnd
[Log] Moonhunter
[Warning] <Missing i18n Resource>: StrikeLine Base Red :en
[Log] No Known Suspects
[Log] Revenge
[Log] Stigma
[Log] Stop Saying We Sound Like Dragonforce
[Log] The Palace of the Kantus
[Log] Troopers of the Stars
[Log] download source.txt
[Log] download source.txt finished
[Log] Disposed of memorymapped file
[Log] Biology
[Log] Disposed of memorymapped file
[Log] Coalescence & Segmentation
[Log] Disposed of memorymapped file
[Log] Combat Mosh
[Log] Disposed of memorymapped file
[Log] Crumbling Castle
[Log] Disposed of memorymapped file
[Log] Embrace
[Log] Disposed of memorymapped file
[Log] Enact the Ending (2023 Redux)
[Log] Disposed of memorymapped file
[Log] Flamewall
[Log] Disposed of memorymapped file
[Log] Gone (feat. Rasmus Bom Andersen)
[Log] Disposed of memorymapped file
[Log] Good Grief Retreat
[Log] Disposed of memorymapped file
[Log] i ws nvr yr grlfrnd
[Log] Disposed of memorymapped file
[Log] Moonhunter
[Log] Disposed of memorymapped file
[Log] No Known Suspects
[Log] Disposed of memorymapped file
[Log] Revenge
[Log] Disposed of memorymapped file
[Log] Stigma
[Log] Disposed of memorymapped file
[Log] Stop Saying We Sound Like Dragonforce
[Log] Disposed of memorymapped file
[Log] The Palace of the Kantus
[Log] Disposed of memorymapped file
[Log] Troopers of the Stars
[Log] Cache log before: 49 songs, 1950 paths
[Log] Disposed of memorymapped file
[Log] Biology
[Log] Disposed of memorymapped file
[Log] Coalescence & Segmentation
[Log] Disposed of memorymapped file
[Log] Combat Mosh
[Log] Disposed of memorymapped file
[Log] Crumbling Castle
[Log] Disposed of memorymapped file
[Log] Embrace
[Log] Disposed of memorymapped file
[Log] Enact the Ending (2023 Redux)
[Log] Disposed of memorymapped file
[Log] Flamewall
[Log] Disposed of memorymapped file
[Log] Gone (feat. Rasmus Bom Andersen)
[Log] Disposed of memorymapped file
[Log] Good Grief Retreat
[Log] Disposed of memorymapped file
[Log] i ws nvr yr grlfrnd
[Log] Disposed of memorymapped file
[Log] Moonhunter
[Log] Disposed of memorymapped file
[Log] No Known Suspects
[Log] Disposed of memorymapped file
[Log] Revenge
[Log] Disposed of memorymapped file
[Log] Stigma
[Log] Disposed of memorymapped file
[Log] Stop Saying We Sound Like Dragonforce
[Log] Disposed of memorymapped file
[Log] The Palace of the Kantus
[Log] Disposed of memorymapped file
[Log] Troopers of the Stars
[Log] Full Scan Elapsed Time: 24.5120083
[Log] Loading Song: Motorhead (WaveGroup) - Ace of Spades
[Warning] <Missing i18n Resource>: Ghost Inputs:en
 
----Exception----
NullReferenceException
Stacktrace: BaseSettingMenu.ʷʹʾʸʸʻʲʻʳʼʾ (System.Int32 ʸʾʾʴʳʲʿʻʴʾʵ, StrikeCore.GameSetting ʺʻʶʶʿʶʺʹʹʻʷ) (at <f509f804e1e0419ba898dc0b9ff5db1f>:0)
VideoSettingsMenu.ʺʴʼʺʷʷʷʾʷˁˀ (System.String ʴʹʳʹʼˁʾʿʴʹˀ) (at <f509f804e1e0419ba898dc0b9ff5db1f>:0)
VideoSettingsMenu.ʲʷʵʵʽʼʿʷˁʷʲ () (at <f509f804e1e0419ba898dc0b9ff5db1f>:0)
VideoSettingsMenu.ʲʷʲʳʵʳʸʺʳʼʽ () (at <f509f804e1e0419ba898dc0b9ff5db1f>:0)
System.Reflection.RuntimeMethodInfo.Invoke (System.Object obj, System.Reflection.BindingFlags invokeAttr, System.Reflection.Binder binder, System.Object[] parameters, System.Globalization.CultureInfo culture) (at <b1e6d7427a984e4e865c2fe6f6a26cd8>:0)
Rethrow as TargetInvocationException: Exception has been thrown by the target of an invocation.
System.Reflection.RuntimeMethodInfo.Invoke (System.Object obj, System.Reflection.BindingFlags invokeAttr, System.Reflection.Binder binder, System.Object[] parameters, System.Globalization.CultureInfo culture) (at <b1e6d7427a984e4e865c2fe6f6a26cd8>:0)
System.Reflection.MethodBase.Invoke (System.Object obj, System.Object[] parameters) (at <b1e6d7427a984e4e865c2fe6f6a26cd8>:0)
System.Delegate.DynamicInvokeImpl (System.Object[] args) (at <b1e6d7427a984e4e865c2fe6f6a26cd8>:0)
System.MulticastDelegate.DynamicInvokeImpl (System.Object[] args) (at <b1e6d7427a984e4e865c2fe6f6a26cd8>:0)
System.Delegate.DynamicInvoke (System.Object[] args) (at <b1e6d7427a984e4e865c2fe6f6a26cd8>:0)
GlobalVariables.Update () (at <f509f804e1e0419ba898dc0b9ff5db1f>:0)
UnityEngine.DebugLogHandler:Internal_LogException(Exception, Object)
ʾʾʶʿʼˁʾʿˁʲʶ:LogException(Exception, Object)
UnityEngine.Debug:CallOverridenDebugHandler(Exception, Object)

----Exception----
 
 
----Exception----
NullReferenceException
Stacktrace: BaseSettingMenu.ʷʹʾʸʸʻʲʻʳʼʾ (System.Int32 ʸʾʾʴʳʲʿʻʴʾʵ, StrikeCore.GameSetting ʺʻʶʶʿʶʺʹʹʻʷ) (at <f509f804e1e0419ba898dc0b9ff5db1f>:0)
VideoSettingsMenu.ʺʴʼʺʷʷʷʾʷˁˀ (System.String ʴʹʳʹʼˁʾʿʴʹˀ) (at <f509f804e1e0419ba898dc0b9ff5db1f>:0)
VideoSettingsMenu.ʲʷʵʵʽʼʿʷˁʷʲ () (at <f509f804e1e0419ba898dc0b9ff5db1f>:0)
VideoSettingsMenu.ʲʷʲʳʵʳʸʺʳʼʽ () (at <f509f804e1e0419ba898dc0b9ff5db1f>:0)
System.Reflection.RuntimeMethodInfo.Invoke (System.Object obj, System.Reflection.BindingFlags invokeAttr, System.Reflection.Binder binder, System.Object[] parameters, System.Globalization.CultureInfo culture) (at <b1e6d7427a984e4e865c2fe6f6a26cd8>:0)
Rethrow as TargetInvocationException: Exception has been thrown by the target of an invocation.
System.Reflection.RuntimeMethodInfo.Invoke (System.Object obj, System.Reflection.BindingFlags invokeAttr, System.Reflection.Binder binder, System.Object[] parameters, System.Globalization.CultureInfo culture) (at <b1e6d7427a984e4e865c2fe6f6a26cd8>:0)
System.Reflection.MethodBase.Invoke (System.Object obj, System.Object[] parameters) (at <b1e6d7427a984e4e865c2fe6f6a26cd8>:0)
System.Delegate.DynamicInvokeImpl (System.Object[] args) (at <b1e6d7427a984e4e865c2fe6f6a26cd8>:0)
System.MulticastDelegate.DynamicInvokeImpl (System.Object[] args) (at <b1e6d7427a984e4e865c2fe6f6a26cd8>:0)
System.Delegate.DynamicInvoke (System.Object[] args) (at <b1e6d7427a984e4e865c2fe6f6a26cd8>:0)
GlobalVariables.Update () (at <f509f804e1e0419ba898dc0b9ff5db1f>:0)
UnityEngine.DebugLogHandler:Internal_LogException(Exception, Object)
ʾʾʶʿʼˁʾʿˁʲʶ:LogException(Exception, Object)
UnityEngine.Debug:CallOverridenDebugHandler(Exception, Object)

----Exception----
 
 
----Exception----
NullReferenceException
Stacktrace: BaseSettingMenu.ʷʹʾʸʸʻʲʻʳʼʾ (System.Int32 ʸʾʾʴʳʲʿʻʴʾʵ, StrikeCore.GameSetting ʺʻʶʶʿʶʺʹʹʻʷ) (at <f509f804e1e0419ba898dc0b9ff5db1f>:0)
VideoSettingsMenu.ʺʴʼʺʷʷʷʾʷˁˀ (System.String ʴʹʳʹʼˁʾʿʴʹˀ) (at <f509f804e1e0419ba898dc0b9ff5db1f>:0)
VideoSettingsMenu.ʲʷʵʵʽʼʿʷˁʷʲ () (at <f509f804e1e0419ba898dc0b9ff5db1f>:0)
VideoSettingsMenu.ʲʷʲʳʵʳʸʺʳʼʽ () (at <f509f804e1e0419ba898dc0b9ff5db1f>:0)
System.Reflection.RuntimeMethodInfo.Invoke (System.Object obj, System.Reflection.BindingFlags invokeAttr, System.Reflection.Binder binder, System.Object[] parameters, System.Globalization.CultureInfo culture) (at <b1e6d7427a984e4e865c2fe6f6a26cd8>:0)
Rethrow as TargetInvocationException: Exception has been thrown by the target of an invocation.
System.Reflection.RuntimeMethodInfo.Invoke (System.Object obj, System.Reflection.BindingFlags invokeAttr, System.Reflection.Binder binder, System.Object[] parameters, System.Globalization.CultureInfo culture) (at <b1e6d7427a984e4e865c2fe6f6a26cd8>:0)
System.Reflection.MethodBase.Invoke (System.Object obj, System.Object[] parameters) (at <b1e6d7427a984e4e865c2fe6f6a26cd8>:0)
System.Delegate.DynamicInvokeImpl (System.Object[] args) (at <b1e6d7427a984e4e865c2fe6f6a26cd8>:0)
System.MulticastDelegate.DynamicInvokeImpl (System.Object[] args) (at <b1e6d7427a984e4e865c2fe6f6a26cd8>:0)
System.Delegate.DynamicInvoke (System.Object[] args) (at <b1e6d7427a984e4e865c2fe6f6a26cd8>:0)
GlobalVariables.Update () (at <f509f804e1e0419ba898dc0b9ff5db1f>:0)
UnityEngine.DebugLogHandler:Internal_LogException(Exception, Object)
ʾʾʶʿʼˁʾʿˁʲʶ:LogException(Exception, Object)
UnityEngine.Debug:CallOverridenDebugHandler(Exception, Object)

----Exception----
 
 
----Exception----
NullReferenceException
Stacktrace: BaseSettingMenu.ʷʹʾʸʸʻʲʻʳʼʾ (System.Int32 ʸʾʾʴʳʲʿʻʴʾʵ, StrikeCore.GameSetting ʺʻʶʶʿʶʺʹʹʻʷ) (at <f509f804e1e0419ba898dc0b9ff5db1f>:0)
VideoSettingsMenu.ʺʴʼʺʷʷʷʾʷˁˀ (System.String ʴʹʳʹʼˁʾʿʴʹˀ) (at <f509f804e1e0419ba898dc0b9ff5db1f>:0)
VideoSettingsMenu.ʲʷʵʵʽʼʿʷˁʷʲ () (at <f509f804e1e0419ba898dc0b9ff5db1f>:0)
VideoSettingsMenu.ʲʷʲʳʵʳʸʺʳʼʽ () (at <f509f804e1e0419ba898dc0b9ff5db1f>:0)
System.Reflection.RuntimeMethodInfo.Invoke (System.Object obj, System.Reflection.BindingFlags invokeAttr, System.Reflection.Binder binder, System.Object[] parameters, System.Globalization.CultureInfo culture) (at <b1e6d7427a984e4e865c2fe6f6a26cd8>:0)
Rethrow as TargetInvocationException: Exception has been thrown by the target of an invocation.
System.Reflection.RuntimeMethodInfo.Invoke (System.Object obj, System.Reflection.BindingFlags invokeAttr, System.Reflection.Binder binder, System.Object[] parameters, System.Globalization.CultureInfo culture) (at <b1e6d7427a984e4e865c2fe6f6a26cd8>:0)
System.Reflection.MethodBase.Invoke (System.Object obj, System.Object[] parameters) (at <b1e6d7427a984e4e865c2fe6f6a26cd8>:0)
System.Delegate.DynamicInvokeImpl (System.Object[] args) (at <b1e6d7427a984e4e865c2fe6f6a26cd8>:0)
System.MulticastDelegate.DynamicInvokeImpl (System.Object[] args) (at <b1e6d7427a984e4e865c2fe6f6a26cd8>:0)
System.Delegate.DynamicInvoke (System.Object[] args) (at <b1e6d7427a984e4e865c2fe6f6a26cd8>:0)
GlobalVariables.Update () (at <f509f804e1e0419ba898dc0b9ff5db1f>:0)
UnityEngine.DebugLogHandler:Internal_LogException(Exception, Object)
ʾʾʶʿʼˁʾʿˁʲʶ:LogException(Exception, Object)
UnityEngine.Debug:CallOverridenDebugHandler(Exception, Object)

----Exception----
 
 
----Exception----
NullReferenceException
Stacktrace: BaseSettingMenu.ʷʹʾʸʸʻʲʻʳʼʾ (System.Int32 ʸʾʾʴʳʲʿʻʴʾʵ, StrikeCore.GameSetting ʺʻʶʶʿʶʺʹʹʻʷ) (at <f509f804e1e0419ba898dc0b9ff5db1f>:0)
VideoSettingsMenu.ʺʴʼʺʷʷʷʾʷˁˀ (System.String ʴʹʳʹʼˁʾʿʴʹˀ) (at <f509f804e1e0419ba898dc0b9ff5db1f>:0)
VideoSettingsMenu.ʲʷʵʵʽʼʿʷˁʷʲ () (at <f509f804e1e0419ba898dc0b9ff5db1f>:0)
VideoSettingsMenu.ʲʷʲʳʵʳʸʺʳʼʽ () (at <f509f804e1e0419ba898dc0b9ff5db1f>:0)
System.Reflection.RuntimeMethodInfo.Invoke (System.Object obj, System.Reflection.BindingFlags invokeAttr, System.Reflection.Binder binder, System.Object[] parameters, System.Globalization.CultureInfo culture) (at <b1e6d7427a984e4e865c2fe6f6a26cd8>:0)
Rethrow as TargetInvocationException: Exception has been thrown by the target of an invocation.
System.Reflection.RuntimeMethodInfo.Invoke (System.Object obj, System.Reflection.BindingFlags invokeAttr, System.Reflection.Binder binder, System.Object[] parameters, System.Globalization.CultureInfo culture) (at <b1e6d7427a984e4e865c2fe6f6a26cd8>:0)
System.Reflection.MethodBase.Invoke (System.Object obj, System.Object[] parameters) (at <b1e6d7427a984e4e865c2fe6f6a26cd8>:0)
System.Delegate.DynamicInvokeImpl (System.Object[] args) (at <b1e6d7427a984e4e865c2fe6f6a26cd8>:0)
System.MulticastDelegate.DynamicInvokeImpl (System.Object[] args) (at <b1e6d7427a984e4e865c2fe6f6a26cd8>:0)
System.Delegate.DynamicInvoke (System.Object[] args) (at <b1e6d7427a984e4e865c2fe6f6a26cd8>:0)
GlobalVariables.Update () (at <f509f804e1e0419ba898dc0b9ff5db1f>:0)
UnityEngine.DebugLogHandler:Internal_LogException(Exception, Object)
ʾʾʶʿʼˁʾʿˁʲʶ:LogException(Exception, Object)
UnityEngine.Debug:CallOverridenDebugHandler(Exception, Object)

----Exception----
 
 
----Exception----
NullReferenceException
Stacktrace: BaseSettingMenu.ʷʹʾʸʸʻʲʻʳʼʾ (System.Int32 ʸʾʾʴʳʲʿʻʴʾʵ, StrikeCore.GameSetting ʺʻʶʶʿʶʺʹʹʻʷ) (at <f509f804e1e0419ba898dc0b9ff5db1f>:0)
VideoSettingsMenu.ʺʴʼʺʷʷʷʾʷˁˀ (System.String ʴʹʳʹʼˁʾʿʴʹˀ) (at <f509f804e1e0419ba898dc0b9ff5db1f>:0)
VideoSettingsMenu.ʲʷʵʵʽʼʿʷˁʷʲ () (at <f509f804e1e0419ba898dc0b9ff5db1f>:0)
VideoSettingsMenu.ʲʷʲʳʵʳʸʺʳʼʽ () (at <f509f804e1e0419ba898dc0b9ff5db1f>:0)
System.Reflection.RuntimeMethodInfo.Invoke (System.Object obj, System.Reflection.BindingFlags invokeAttr, System.Reflection.Binder binder, System.Object[] parameters, System.Globalization.CultureInfo culture) (at <b1e6d7427a984e4e865c2fe6f6a26cd8>:0)
Rethrow as TargetInvocationException: Exception has been thrown by the target of an invocation.
System.Reflection.RuntimeMethodInfo.Invoke (System.Object obj, System.Reflection.BindingFlags invokeAttr, System.Reflection.Binder binder, System.Object[] parameters, System.Globalization.CultureInfo culture) (at <b1e6d7427a984e4e865c2fe6f6a26cd8>:0)
System.Reflection.MethodBase.Invoke (System.Object obj, System.Object[] parameters) (at <b1e6d7427a984e4e865c2fe6f6a26cd8>:0)
System.Delegate.DynamicInvokeImpl (System.Object[] args) (at <b1e6d7427a984e4e865c2fe6f6a26cd8>:0)
System.MulticastDelegate.DynamicInvokeImpl (System.Object[] args) (at <b1e6d7427a984e4e865c2fe6f6a26cd8>:0)
System.Delegate.DynamicInvoke (System.Object[] args) (at <b1e6d7427a984e4e865c2fe6f6a26cd8>:0)
GlobalVariables.Update () (at <f509f804e1e0419ba898dc0b9ff5db1f>:0)
UnityEngine.DebugLogHandler:Internal_LogException(Exception, Object)
ʾʾʶʿʼˁʾʿˁʲʶ:LogException(Exception, Object)
UnityEngine.Debug:CallOverridenDebugHandler(Exception, Object)

----Exception----
 
 
----Exception----
NullReferenceException
Stacktrace: BaseSettingMenu.ʷʹʾʸʸʻʲʻʳʼʾ (System.Int32 ʸʾʾʴʳʲʿʻʴʾʵ, StrikeCore.GameSetting ʺʻʶʶʿʶʺʹʹʻʷ) (at <f509f804e1e0419ba898dc0b9ff5db1f>:0)
VideoSettingsMenu.ʺʴʼʺʷʷʷʾʷˁˀ (System.String ʴʹʳʹʼˁʾʿʴʹˀ) (at <f509f804e1e0419ba898dc0b9ff5db1f>:0)
VideoSettingsMenu.ʲʷʵʵʽʼʿʷˁʷʲ () (at <f509f804e1e0419ba898dc0b9ff5db1f>:0)
VideoSettingsMenu.ʲʷʲʳʵʳʸʺʳʼʽ () (at <f509f804e1e0419ba898dc0b9ff5db1f>:0)
System.Reflection.RuntimeMethodInfo.Invoke (System.Object obj, System.Reflection.BindingFlags invokeAttr, System.Reflection.Binder binder, System.Object[] parameters, System.Globalization.CultureInfo culture) (at <b1e6d7427a984e4e865c2fe6f6a26cd8>:0)
Rethrow as TargetInvocationException: Exception has been thrown by the target of an invocation.
System.Reflection.RuntimeMethodInfo.Invoke (System.Object obj, System.Reflection.BindingFlags invokeAttr, System.Reflection.Binder binder, System.Object[] parameters, System.Globalization.CultureInfo culture) (at <b1e6d7427a984e4e865c2fe6f6a26cd8>:0)
System.Reflection.MethodBase.Invoke (System.Object obj, System.Object[] parameters) (at <b1e6d7427a984e4e865c2fe6f6a26cd8>:0)
System.Delegate.DynamicInvokeImpl (System.Object[] args) (at <b1e6d7427a984e4e865c2fe6f6a26cd8>:0)
System.MulticastDelegate.DynamicInvokeImpl (System.Object[] args) (at <b1e6d7427a984e4e865c2fe6f6a26cd8>:0)
System.Delegate.DynamicInvoke (System.Object[] args) (at <b1e6d7427a984e4e865c2fe6f6a26cd8>:0)
GlobalVariables.Update () (at <f509f804e1e0419ba898dc0b9ff5db1f>:0)
UnityEngine.DebugLogHandler:Internal_LogException(Exception, Object)
ʾʾʶʿʼˁʾʿˁʲʶ:LogException(Exception, Object)
UnityEngine.Debug:CallOverridenDebugHandler(Exception, Object)

----Exception----
 
 
----Exception----
NullReferenceException
Stacktrace: BaseSettingMenu.ʷʹʾʸʸʻʲʻʳʼʾ (System.Int32 ʸʾʾʴʳʲʿʻʴʾʵ, StrikeCore.GameSetting ʺʻʶʶʿʶʺʹʹʻʷ) (at <f509f804e1e0419ba898dc0b9ff5db1f>:0)
VideoSettingsMenu.ʺʴʼʺʷʷʷʾʷˁˀ (System.String ʴʹʳʹʼˁʾʿʴʹˀ) (at <f509f804e1e0419ba898dc0b9ff5db1f>:0)
VideoSettingsMenu.ʲʷʵʵʽʼʿʷˁʷʲ () (at <f509f804e1e0419ba898dc0b9ff5db1f>:0)
VideoSettingsMenu.ʲʷʲʳʵʳʸʺʳʼʽ () (at <f509f804e1e0419ba898dc0b9ff5db1f>:0)
System.Reflection.RuntimeMethodInfo.Invoke (System.Object obj, System.Reflection.BindingFlags invokeAttr, System.Reflection.Binder binder, System.Object[] parameters, System.Globalization.CultureInfo culture) (at <b1e6d7427a984e4e865c2fe6f6a26cd8>:0)
Rethrow as TargetInvocationException: Exception has been thrown by the target of an invocation.
System.Reflection.RuntimeMethodInfo.Invoke (System.Object obj, System.Reflection.BindingFlags invokeAttr, System.Reflection.Binder binder, System.Object[] parameters, System.Globalization.CultureInfo culture) (at <b1e6d7427a984e4e865c2fe6f6a26cd8>:0)
System.Reflection.MethodBase.Invoke (System.Object obj, System.Object[] parameters) (at <b1e6d7427a984e4e865c2fe6f6a26cd8>:0)
System.Delegate.DynamicInvokeImpl (System.Object[] args) (at <b1e6d7427a984e4e865c2fe6f6a26cd8>:0)
System.MulticastDelegate.DynamicInvokeImpl (System.Object[] args) (at <b1e6d7427a984e4e865c2fe6f6a26cd8>:0)
System.Delegate.DynamicInvoke (System.Object[] args) (at <b1e6d7427a984e4e865c2fe6f6a26cd8>:0)
GlobalVariables.Update () (at <f509f804e1e0419ba898dc0b9ff5db1f>:0)
UnityEngine.DebugLogHandler:Internal_LogException(Exception, Object)
ʾʾʶʿʼˁʾʿˁʲʶ:LogException(Exception, Object)
UnityEngine.Debug:CallOverridenDebugHandler(Exception, Object)

----Exception----
 
 
----Exception----
NullReferenceException
Stacktrace: BaseSettingMenu.ʷʹʾʸʸʻʲʻʳʼʾ (System.Int32 ʸʾʾʴʳʲʿʻʴʾʵ, StrikeCore.GameSetting ʺʻʶʶʿʶʺʹʹʻʷ) (at <f509f804e1e0419ba898dc0b9ff5db1f>:0)
VideoSettingsMenu.ʺʴʼʺʷʷʷʾʷˁˀ (System.String ʴʹʳʹʼˁʾʿʴʹˀ) (at <f509f804e1e0419ba898dc0b9ff5db1f>:0)
VideoSettingsMenu.ʲʷʵʵʽʼʿʷˁʷʲ () (at <f509f804e1e0419ba898dc0b9ff5db1f>:0)
VideoSettingsMenu.ʲʷʲʳʵʳʸʺʳʼʽ () (at <f509f804e1e0419ba898dc0b9ff5db1f>:0)
System.Reflection.RuntimeMethodInfo.Invoke (System.Object obj, System.Reflection.BindingFlags invokeAttr, System.Reflection.Binder binder, System.Object[] parameters, System.Globalization.CultureInfo culture) (at <b1e6d7427a984e4e865c2fe6f6a26cd8>:0)
Rethrow as TargetInvocationException: Exception has been thrown by the target of an invocation.
System.Reflection.RuntimeMethodInfo.Invoke (System.Object obj, System.Reflection.BindingFlags invokeAttr, System.Reflection.Binder binder, System.Object[] parameters, System.Globalization.CultureInfo culture) (at <b1e6d7427a984e4e865c2fe6f6a26cd8>:0)
System.Reflection.MethodBase.Invoke (System.Object obj, System.Object[] parameters) (at <b1e6d7427a984e4e865c2fe6f6a26cd8>:0)
System.Delegate.DynamicInvokeImpl (System.Object[] args) (at <b1e6d7427a984e4e865c2fe6f6a26cd8>:0)
System.MulticastDelegate.DynamicInvokeImpl (System.Object[] args) (at <b1e6d7427a984e4e865c2fe6f6a26cd8>:0)
System.Delegate.DynamicInvoke (System.Object[] args) (at <b1e6d7427a984e4e865c2fe6f6a26cd8>:0)
GlobalVariables.Update () (at <f509f804e1e0419ba898dc0b9ff5db1f>:0)
UnityEngine.DebugLogHandler:Internal_LogException(Exception, Object)
ʾʾʶʿʼˁʾʿˁʲʶ:LogException(Exception, Object)
UnityEngine.Debug:CallOverridenDebugHandler(Exception, Object)

----Exception----
 
 
----Exception----
NullReferenceException
Stacktrace: BaseSettingMenu.ʷʹʾʸʸʻʲʻʳʼʾ (System.Int32 ʸʾʾʴʳʲʿʻʴʾʵ, StrikeCore.GameSetting ʺʻʶʶʿʶʺʹʹʻʷ) (at <f509f804e1e0419ba898dc0b9ff5db1f>:0)
VideoSettingsMenu.ʺʴʼʺʷʷʷʾʷˁˀ (System.String ʴʹʳʹʼˁʾʿʴʹˀ) (at <f509f804e1e0419ba898dc0b9ff5db1f>:0)
VideoSettingsMenu.ʲʷʵʵʽʼʿʷˁʷʲ () (at <f509f804e1e0419ba898dc0b9ff5db1f>:0)
VideoSettingsMenu.ʲʷʲʳʵʳʸʺʳʼʽ () (at <f509f804e1e0419ba898dc0b9ff5db1f>:0)
System.Reflection.RuntimeMethodInfo.Invoke (System.Object obj, System.Reflection.BindingFlags invokeAttr, System.Reflection.Binder binder, System.Object[] parameters, System.Globalization.CultureInfo culture) (at <b1e6d7427a984e4e865c2fe6f6a26cd8>:0)
Rethrow as TargetInvocationException: Exception has been thrown by the target of an invocation.
System.Reflection.RuntimeMethodInfo.Invoke (System.Object obj, System.Reflection.BindingFlags invokeAttr, System.Reflection.Binder binder, System.Object[] parameters, System.Globalization.CultureInfo culture) (at <b1e6d7427a984e4e865c2fe6f6a26cd8>:0)
System.Reflection.MethodBase.Invoke (System.Object obj, System.Object[] parameters) (at <b1e6d7427a984e4e865c2fe6f6a26cd8>:0)
System.Delegate.DynamicInvokeImpl (System.Object[] args) (at <b1e6d7427a984e4e865c2fe6f6a26cd8>:0)
System.MulticastDelegate.DynamicInvokeImpl (System.Object[] args) (at <b1e6d7427a984e4e865c2fe6f6a26cd8>:0)
System.Delegate.DynamicInvoke (System.Object[] args) (at <b1e6d7427a984e4e865c2fe6f6a26cd8>:0)
GlobalVariables.Update () (at <f509f804e1e0419ba898dc0b9ff5db1f>:0)
UnityEngine.DebugLogHandler:Internal_LogException(Exception, Object)
ʾʾʶʿʼˁʾʿˁʲʶ:LogException(Exception, Object)
UnityEngine.Debug:CallOverridenDebugHandler(Exception, Object)

----Exception----
 
 
----Exception----
NullReferenceException
Stacktrace: BaseSettingMenu.ʷʹʾʸʸʻʲʻʳʼʾ (System.Int32 ʸʾʾʴʳʲʿʻʴʾʵ, StrikeCore.GameSetting ʺʻʶʶʿʶʺʹʹʻʷ) (at <f509f804e1e0419ba898dc0b9ff5db1f>:0)
VideoSettingsMenu.ʺʴʼʺʷʷʷʾʷˁˀ (System.String ʴʹʳʹʼˁʾʿʴʹˀ) (at <f509f804e1e0419ba898dc0b9ff5db1f>:0)
VideoSettingsMenu.ʲʷʵʵʽʼʿʷˁʷʲ () (at <f509f804e1e0419ba898dc0b9ff5db1f>:0)
VideoSettingsMenu.ʲʷʲʳʵʳʸʺʳʼʽ () (at <f509f804e1e0419ba898dc0b9ff5db1f>:0)
System.Reflection.RuntimeMethodInfo.Invoke (System.Object obj, System.Reflection.BindingFlags invokeAttr, System.Reflection.Binder binder, System.Object[] parameters, System.Globalization.CultureInfo culture) (at <b1e6d7427a984e4e865c2fe6f6a26cd8>:0)
Rethrow as TargetInvocationException: Exception has been thrown by the target of an invocation.
System.Reflection.RuntimeMethodInfo.Invoke (System.Object obj, System.Reflection.BindingFlags invokeAttr, System.Reflection.Binder binder, System.Object[] parameters, System.Globalization.CultureInfo culture) (at <b1e6d7427a984e4e865c2fe6f6a26cd8>:0)
System.Reflection.MethodBase.Invoke (System.Object obj, System.Object[] parameters) (at <b1e6d7427a984e4e865c2fe6f6a26cd8>:0)
System.Delegate.DynamicInvokeImpl (System.Object[] args) (at <b1e6d7427a984e4e865c2fe6f6a26cd8>:0)
System.MulticastDelegate.DynamicInvokeImpl (System.Object[] args) (at <b1e6d7427a984e4e865c2fe6f6a26cd8>:0)
System.Delegate.DynamicInvoke (System.Object[] args) (at <b1e6d7427a984e4e865c2fe6f6a26cd8>:0)
GlobalVariables.Update () (at <f509f804e1e0419ba898dc0b9ff5db1f>:0)
UnityEngine.DebugLogHandler:Internal_LogException(Exception, Object)
ʾʾʶʿʼˁʾʿˁʲʶ:LogException(Exception, Object)
UnityEngine.Debug:CallOverridenDebugHandler(Exception, Object)

----Exception----
 
 
----Exception----
NullReferenceException
Stacktrace: BaseSettingMenu.ʷʹʾʸʸʻʲʻʳʼʾ (System.Int32 ʸʾʾʴʳʲʿʻʴʾʵ, StrikeCore.GameSetting ʺʻʶʶʿʶʺʹʹʻʷ) (at <f509f804e1e0419ba898dc0b9ff5db1f>:0)
VideoSettingsMenu.ʺʴʼʺʷʷʷʾʷˁˀ (System.String ʴʹʳʹʼˁʾʿʴʹˀ) (at <f509f804e1e0419ba898dc0b9ff5db1f>:0)
VideoSettingsMenu.ʲʷʵʵʽʼʿʷˁʷʲ () (at <f509f804e1e0419ba898dc0b9ff5db1f>:0)
VideoSettingsMenu.ʲʷʲʳʵʳʸʺʳʼʽ () (at <f509f804e1e0419ba898dc0b9ff5db1f>:0)
System.Reflection.RuntimeMethodInfo.Invoke (System.Object obj, System.Reflection.BindingFlags invokeAttr, System.Reflection.Binder binder, System.Object[] parameters, System.Globalization.CultureInfo culture) (at <b1e6d7427a984e4e865c2fe6f6a26cd8>:0)
Rethrow as TargetInvocationException: Exception has been thrown by the target of an invocation.
System.Reflection.RuntimeMethodInfo.Invoke (System.Object obj, System.Reflection.BindingFlags invokeAttr, System.Reflection.Binder binder, System.Object[] parameters, System.Globalization.CultureInfo culture) (at <b1e6d7427a984e4e865c2fe6f6a26cd8>:0)
System.Reflection.MethodBase.Invoke (System.Object obj, System.Object[] parameters) (at <b1e6d7427a984e4e865c2fe6f6a26cd8>:0)
System.Delegate.DynamicInvokeImpl (System.Object[] args) (at <b1e6d7427a984e4e865c2fe6f6a26cd8>:0)
System.MulticastDelegate.DynamicInvokeImpl (System.Object[] args) (at <b1e6d7427a984e4e865c2fe6f6a26cd8>:0)
System.Delegate.DynamicInvoke (System.Object[] args) (at <b1e6d7427a984e4e865c2fe6f6a26cd8>:0)
GlobalVariables.Update () (at <f509f804e1e0419ba898dc0b9ff5db1f>:0)
UnityEngine.DebugLogHandler:Internal_LogException(Exception, Object)
ʾʾʶʿʼˁʾʿˁʲʶ:LogException(Exception, Object)
UnityEngine.Debug:CallOverridenDebugHandler(Exception, Object)

----Exception----
 
[Log] Loading Song: Megadeth - Symphony of Destruction
[Log] Returned missing glyphs are correct.
[Log] Loading Song: Megadeth - Symphony of Destruction
[Log] Returned missing glyphs are correct.
[Warning] <Missing i18n Resource>: Current Section::en
[Warning] Joystick disconnected ("Guitar (Xbox 360 Wireless Receiver for Windows)").
[Log] Joystick reconnected ("Guitar (Xbox 360 Wireless Receiver for Windows)").
[Log] Disposed of memorymapped file
[Log] Disposed of memorymapped file
[Log] Disposed of memorymapped file
[Log] Disposed of memorymapped file
[Log] Disposed of memorymapped file
[Log] Disposed of memorymapped file
[Log] Disposed of memorymapped file
[Log] Disposed of memorymapped file
[Log] Disposed of memorymapped file
[Log] Disposed of memorymapped file
[Log] Disposed of memorymapped file
[Log] Disposed of memorymapped file
[Log] Disposed of memorymapped file
[Log] Disposed of memorymapped file
[Log] Disposed of memorymapped file
[Log] Disposed of memorymapped file
[Log] Disposed of memorymapped file
