Log ID: -129484089
 
----Info----
Game Version: v1.0.0.4080-final
Operating System: Windows 11  (10.0.22621) 64bit
CPU: 11th Gen Intel(R) Core(TM) i7-11370H @ 3.30GHz, Count: 8, Frequency: 3302 MHz
GPU: NVIDIA GeForce RTX 3050 Ti Laptop GPU, Driver Version: Direct3D 11.0 [level 11.1], VRAM: 3993 MBs
RAM: 16218 MBs
Renderer: Direct3D11
------------
 
[Log] Logged into USG
[Log] PlayerID: OCbjesmOUdRa40CDlhjnFbzRFJ6g
[Log] Remote config ready!
[Log] Bass: 2.4.16.7 BassFx: 2.4.12.6 BassMix: 2.4.11.1
[Log] WASAPI
[Log] Starting video thumbs
[Log] [2023-04-20T09:11:49.971+02:00] [Assets\Scripts\StrikeCore\Settings.cs:329:Load] [Info] Writing default config C:\Users\heiner\Documents\Clone Hero\Custom\Colors\DefaultColors.ini
[Log] Biology
[Log] Coalescence & Segmentation
[Log] Combat Mosh
[Log] Crumbling Castle
[Log] Embrace
[Log] Enact the Ending (2023 Redux)
[Warning] <Missing i18n Resource>: StrikeLine Base Red :en
[Log] Flamewall
[Log] Gone (feat. Rasmus Bom Andersen)
[Log] Good Grief Retreat
[Log] i ws nvr yr grlfrnd
[Log] Moonhunter
[Log] No Known Suspects
[Log] Revenge
[Log] Stigma
[Log] Stop Saying We Sound Like Dragonforce
[Log] The Palace of the Kantus
[Log] Troopers of the Stars
[Log] download source.txt
[Log] download source.txt finished
[Log] Disposed of memorymapped file
[Log] Biology
[Log] Disposed of memorymapped file
[Log] Coalescence & Segmentation
[Log] Disposed of memorymapped file
[Log] Combat Mosh
[Log] Disposed of memorymapped file
[Log] Crumbling Castle
[Log] Disposed of memorymapped file
[Log] Embrace
[Log] Disposed of memorymapped file
[Log] Enact the Ending (2023 Redux)
[Log] Disposed of memorymapped file
[Log] Flamewall
[Log] Disposed of memorymapped file
[Log] Gone (feat. Rasmus Bom Andersen)
[Log] Disposed of memorymapped file
[Log] Good Grief Retreat
[Log] Disposed of memorymapped file
[Log] i ws nvr yr grlfrnd
[Log] Disposed of memorymapped file
[Log] Moonhunter
[Log] Disposed of memorymapped file
[Log] No Known Suspects
[Log] Disposed of memorymapped file
[Log] Revenge
[Log] Disposed of memorymapped file
[Log] Stigma
[Log] Disposed of memorymapped file
[Log] Stop Saying We Sound Like Dragonforce
[Log] Disposed of memorymapped file
[Log] The Palace of the Kantus
[Log] Disposed of memorymapped file
[Log] Troopers of the Stars
[Log] Cache log before: 1927 songs, 1951 paths
[Log] Disposed of memorymapped file
[Log] Biology
[Log] Disposed of memorymapped file
[Log] Coalescence & Segmentation
[Log] Disposed of memorymapped file
[Log] Combat Mosh
[Log] Disposed of memorymapped file
[Log] Crumbling Castle
[Log] Disposed of memorymapped file
[Log] Embrace
[Log] Disposed of memorymapped file
[Log] Enact the Ending (2023 Redux)
[Log] Disposed of memorymapped file
[Log] Flamewall
[Log] Disposed of memorymapped file
[Log] Gone (feat. Rasmus Bom Andersen)
[Log] Disposed of memorymapped file
[Log] Good Grief Retreat
[Log] Disposed of memorymapped file
[Log] i ws nvr yr grlfrnd
[Log] Disposed of memorymapped file
[Log] Moonhunter
[Log] Disposed of memorymapped file
[Log] No Known Suspects
[Log] Disposed of memorymapped file
[Log] Revenge
[Log] Disposed of memorymapped file
[Log] Stigma
[Log] Disposed of memorymapped file
[Log] Stop Saying We Sound Like Dragonforce
[Log] Disposed of memorymapped file
[Log] The Palace of the Kantus
[Log] Disposed of memorymapped file
[Log] Troopers of the Stars
[Log] Full Scan Elapsed Time: 2.5048545
[Log] Loading Song: Ministry - Jesus Built My Hotrod
[Warning] <Missing i18n Resource>: Current Section::en
[Log] Disposed of memorymapped file
[Log] Disposed of memorymapped file
[Log] Disposed of memorymapped file
[Log] Disposed of memorymapped file
[Log] Disposed of memorymapped file
[Log] Disposed of memorymapped file
[Log] Disposed of memorymapped file
[Log] Disposed of memorymapped file
[Log] Disposed of memorymapped file
[Log] Disposed of memorymapped file
[Log] Disposed of memorymapped file
[Log] Disposed of memorymapped file
[Log] Disposed of memorymapped file
[Log] Disposed of memorymapped file
[Log] Disposed of memorymapped file
[Log] Disposed of memorymapped file
[Log] Disposed of memorymapped file
